<?xml version="1.0" encoding="UTF-8"?>
<!-- Generated by org.testng.reporters.JUnitReportReporter -->
<testsuite skipped="0" hostname="DESKTOP-I6T4BAQ" name="runner.TestRunner" tests="1" failures="0" timestamp="16 Feb 2020 16:01:40 GMT" time="31.815" errors="0">
  <testcase name="feature" time="31.815" classname="runner.TestRunner"/>
</testsuite> <!-- runner.TestRunner -->
